;OV Innertank Orifice Flow Temperatures (R)
#I=76956,77384,1; C:\0_afc_work\OV_Intertank_Reentry_Thermal_Analysis_using_VISSIM\VISSIM\OV_Intertank_Reentry_Thermal_Analysis_using_VISSIM_c1cb_oin.vsm C:\0_afc_work\OV_Intertank_Reentry_Thermal_Analysis_using_VISSIM\VISSIM\OV_Intertank_Reentry_Thermal_Analysis_using_VISSIM_c1cb_oin.vsm @ Mon Oct 29 14:44:45 2018
76956	1218.9
76957	1220.3
76958	1221.7
76959	1223.1
76960	1224.5
76961	1226.1
76962	1227.8
76963	1229.4
76964	1231
76965	1232.7
76966	1234.3
76967	1235.9
76968	1237.6
76969	1239.2
76970	1240.8
76971	1242.7
76972	1244.7
76973	1246.6
76974	1248.5
76975	1250.5
76976	1252.4
76977	1254.3
76978	1256.3
76979	1258.2
76980	1260.2
76981	1262.7
76982	1265.2
76983	1267.8
76984	1270.3
76985	1272.9
76986	1275.4
76987	1278
76988	1280.5
76989	1283
76990	1285.6
76991	1287.6
76992	1289.6
76993	1291.6
76994	1293.7
76995	1295.7
76996	1297.7
76997	1299.7
76998	1301.7
76999	1303.8
77000	1305.8
77001	1307.8
77002	1309.9
77003	1311.9
77004	1313.9
77005	1316
77006	1318
77007	1320.1
77008	1322.1
77009	1324.1
77010	1326.2
77011	1328.5
77012	1330.9
77013	1333.2
77014	1335.6
77015	1337.9
77016	1340.3
77017	1342.6
77018	1345
77019	1347.3
77020	1349.7
77021	1352.1
77022	1354.5
77023	1356.9
77024	1359.3
77025	1361.7
77026	1364
77027	1366.4
77028	1368.8
77029	1371.2
77030	1373.6
77031	1378.1
77032	1382.5
77033	1386.9
77034	1391.4
77035	1395.8
77036	1400.3
77037	1404.7
77038	1409.2
77039	1413.6
77040	1418.1
77041	1426
77042	1434
77043	1442
77044	1450
77045	1458
77046	1465.9
77047	1473.9
77048	1481.9
77049	1489.9
77050	1497.9
77051	1506.1
77052	1514.3
77053	1522.6
77054	1530.8
77055	1539.1
77056	1547.3
77057	1555.5
77058	1563.8
77059	1572
77060	1580.3
77061	1588.4
77062	1596.5
77063	1604.6
77064	1612.8
77065	1620.9
77066	1629
77067	1637.2
77068	1645.3
77069	1653.4
77070	1661.6
77071	1666.3
77072	1671.1
77073	1675.9
77074	1680.7
77075	1685.5
77076	1690.3
77077	1695.1
77078	1699.8
77079	1704.6
77080	1709.4
77081	1710.4
77082	1711.5
77083	1712.5
77084	1713.5
77085	1714.6
77086	1715.6
77087	1716.6
77088	1717.6
77089	1718.7
77090	1719.7
77091	1714.3
77092	1709
77093	1703.6
77094	1698.2
77095	1692.9
77096	1687.5
77097	1682.1
77098	1676.8
77099	1671.4
77100	1666.1
77101	1657
77102	1648
77103	1638.9
77104	1629.9
77105	1620.8
77106	1611.8
77107	1602.7
77108	1593.7
77109	1584.6
77110	1575.6
77111	1564.2
77112	1552.8
77113	1541.4
77114	1530
77115	1518.6
77116	1507.2
77117	1495.8
77118	1484.4
77119	1473
77120	1461.6
77121	1450.9
77122	1440.2
77123	1429.6
77124	1418.9
77125	1408.3
77126	1397.6
77127	1386.9
77128	1376.3
77129	1365.6
77130	1355
77131	1345.8
77132	1336.6
77133	1327.5
77134	1318.3
77135	1309.2
77136	1300
77137	1290.9
77138	1281.7
77139	1272.6
77140	1263.4
77141	1255.4
77142	1247.5
77143	1239.5
77144	1231.6
77145	1223.6
77146	1215.6
77147	1207.7
77148	1199.7
77149	1191.8
77150	1183.8
77151	1176.8
77152	1169.8
77153	1162.9
77154	1155.9
77155	1148.9
77156	1141.9
77157	1135
77158	1128
77159	1121
77160	1114
77161	1107.9
77162	1101.7
77163	1095.6
77164	1089.4
77165	1083.3
77166	1077.2
77167	1071
77168	1064.9
77169	1058.7
77170	1052.6
77171	1047.2
77172	1041.8
77173	1036.3
77174	1030.9
77175	1025.5
77176	1020.1
77177	1014.7
77178	1009.3
77179	1003.8
77180	998.43
77181	993.7
77182	988.96
77183	984.23
77184	979.5
77185	974.76
77186	970.03
77187	965.3
77188	960.57
77189	955.83
77190	951.1
77191	947.01
77192	942.92
77193	938.83
77194	934.74
77195	930.65
77196	926.56
77197	922.47
77198	918.38
77199	914.29
77200	910.2
77201	906.7
77202	903.2
77203	899.71
77204	896.21
77205	892.71
77206	889.21
77207	885.71
77208	882.22
77209	878.72
77210	875.22
77211	872.26
77212	869.31
77213	866.35
77214	863.4
77215	860.44
77216	857.48
77217	854.53
77218	851.57
77219	848.62
77220	845.66
77221	843.17
77222	840.69
77223	838.2
77224	835.71
77225	833.23
77226	830.74
77227	828.25
77228	825.76
77229	823.28
77230	820.79
77231	818.73
77232	816.67
77233	814.62
77234	812.56
77235	810.5
77236	808.44
77237	806.38
77238	804.33
77239	802.27
77240	800.21
77241	798.76
77242	797.3
77243	795.85
77244	794.39
77245	792.94
77246	791.49
77247	790.03
77248	788.58
77249	787.12
77250	785.67
77251	784.64
77252	783.61
77253	782.58
77254	781.55
77255	780.51
77256	779.48
77257	778.45
77258	777.42
77259	776.39
77260	775.36
77261	774.38
77262	773.39
77263	772.4
77264	771.42
77265	770.43
77266	769.45
77267	768.46
77268	767.48
77269	766.5
77270	765.51
77271	765.37
77272	765.23
77273	765.09
77274	764.95
77275	764.81
77276	764.67
77277	764.53
77278	764.39
77279	764.25
77280	764.11
77281	763.92
77282	763.73
77283	763.54
77284	763.35
77285	763.15
77286	762.96
77287	762.77
77288	762.58
77289	762.39
77290	762.2
77291	761.94
77292	761.68
77293	761.43
77294	761.17
77295	760.91
77296	760.65
77297	760.39
77298	760.14
77299	759.88
77300	759.62
77301	759.32
77302	759.01
77303	758.71
77304	758.4
77305	758.1
77306	757.8
77307	757.49
77308	757.19
77309	756.88
77310	756.58
77311	756.25
77312	755.92
77313	755.58
77314	755.25
77315	754.92
77316	754.59
77317	754.26
77318	753.92
77319	753.59
77320	753.26
77321	752.91
77322	752.56
77323	752.21
77324	751.86
77325	751.51
77326	751.17
77327	750.82
77328	750.47
77329	750.12
77330	749.77
77331	749.41
77332	749.06
77333	748.7
77334	748.34
77335	747.99
77336	747.63
77337	747.27
77338	746.91
77339	746.56
77340	746.2
77341	745.84
77342	745.49
77343	745.13
77344	744.77
77345	744.41
77346	744.06
77347	743.7
77348	743.34
77349	742.99
77350	742.63
77351	742.28
77352	741.92
77353	741.57
77354	741.21
77355	740.86
77356	740.51
77357	740.15
77358	739.8
77359	739.44
77360	739.09
77361	738.75
77362	738.4
77363	738.05
77364	737.71
77365	737.37
77366	737.02
77367	736.67
77368	736.33
77369	735.99
77370	735.64
77371	735.31
77372	734.97
77373	734.63
77374	734.3
77375	733.97
77376	733.63
77377	733.3
77378	732.96
77379	732.63
77380	732.29
77381	731.96
77382	731.63
77383	731.31
77384	730.98
