;OV Innertank Orifice Flow Mdot (lbm/s)
#I=76956,77384,1; C:\0_afc_work\OV_Intertank_Reentry_Thermal_Analysis_using_VISSIM\VISSIM\OV_Intertank_Reentry_Thermal_Analysis_using_VISSIM_c1cb_oin.vsm C:\0_afc_work\OV_Intertank_Reentry_Thermal_Analysis_using_VISSIM\VISSIM\OV_Intertank_Reentry_Thermal_Analysis_using_VISSIM_c1cb_oin.vsm @ Mon Oct 29 14:44:45 2018
76956	0.3885
76957	0.0061676
76958	0.0061605
76959	0.0061535
76960	0.0061464
76961	0.0061382
76962	0.0061301
76963	0.0061219
76964	0.0061138
76965	0.0061057
76966	0.0060976
76967	0.0070095
76968	0.0070003
76969	0.0069911
76970	0.0069819
76971	0.006971
76972	0.0069602
76973	0.0069493
76974	0.016322
76975	0.016297
76976	0.016271
76977	0.038391
76978	0.038327
76979	0.038264
76980	0.038202
76981	0.038122
76982	0.038044
76983	0.037966
76984	0.037888
76985	0.037811
76986	0.037735
76987	0.037659
76988	0.037583
76989	0.037508
76990	0.037433
76991	0.037374
76992	0.037315
76993	0.037256
76994	0.037198
76995	0.03714
76996	0.037082
76997	0.037024
76998	0.036966
76999	0.036909
77000	0.036851
77001	0.036794
77002	0.036736
77003	0.036679
77004	0.036622
77005	0.036565
77006	0.036508
77007	0.036451
77008	0.036395
77009	0.036339
77010	0.036283
77011	0.036219
77012	0.036155
77013	0.036091
77014	0.036027
77015	0.035964
77016	0.035901
77017	0.035838
77018	0.035775
77019	0.035712
77020	0.03565
77021	0.035587
77022	0.035524
77023	0.035461
77024	0.035399
77025	0.035337
77026	0.035275
77027	0.035213
77028	0.035152
77029	0.03509
77030	0.035029
77031	0.034916
77032	0.034804
77033	0.034692
77034	0.034581
77035	0.034471
77036	0.034362
77037	0.034253
77038	0.034145
77039	0.034037
77040	0.033931
77041	0.033741
77042	0.033553
77043	0.033368
77044	0.033184
77045	0.033002
77046	0.032823
77047	0.032645
77048	0.032469
77049	0.032295
77050	0.032123
77051	0.031947
77052	0.031774
77053	0.031602
77054	0.031432
77055	0.031263
77056	0.031097
77057	0.030932
77058	0.030769
77059	0.030608
77060	0.030448
77061	0.030292
77062	0.030138
77063	0.029985
77064	0.029834
77065	0.029685
77066	0.029536
77067	0.042406
77068	0.042197
77069	0.041989
77070	0.041784
77071	0.041664
77072	0.041544
77073	0.041426
77074	0.041308
77075	0.04119
77076	0.041074
77077	0.040958
77078	0.040842
77079	0.040727
77080	0.040613
77081	0.040589
77082	0.040565
77083	0.04054
77084	0.040516
77085	0.040492
77086	0.040467
77087	0.040443
77088	0.040419
77089	0.040395
77090	0.040371
77091	0.040497
77092	0.040624
77093	0.040752
77094	0.040881
77095	0.04101
77096	0.04114
77097	0.041272
77098	0.041404
77099	0.041536
77100	0.04167
77101	0.041898
77102	0.042128
77103	0.04236
77104	0.042596
77105	0.042833
77106	0.043074
77107	0.043317
77108	0.043563
77109	0.043812
77110	0.044063
77111	0.044385
77112	0.044711
77113	0.02734
77114	0.027544
77115	0.027751
77116	0.027961
77117	0.028174
77118	0.02839
77119	0.02861
77120	0.028833
77121	0.029045
77122	0.02926
77123	0.029478
77124	0.0297
77125	0.029924
77126	0.030153
77127	0.030384
77128	0.03062
77129	0.030859
77130	0.031102
77131	0.031313
77132	0.031528
77133	0.031745
77134	0.031965
77135	0.032189
77136	0.032416
77137	0.032645
77138	0.032879
77139	0.033115
77140	0.033355
77141	0.033567
77142	0.033781
77143	0.033998
77144	0.034218
77145	0.03444
77146	0.034666
77147	0.034894
77148	0.035126
77149	0.035361
77150	0.035598
77151	0.034697
77152	0.03469
77153	0.034684
77154	0.034678
77155	0.034672
77156	0.034667
77157	0.034661
77158	0.034656
77159	0.034651
77160	0.034646
77161	0.034644
77162	0.034642
77163	0.034641
77164	0.034639
77165	0.034638
77166	0.034636
77167	0.034635
77168	0.034635
77169	0.034634
77170	0.034634
77171	0.034635
77172	0.034637
77173	0.034639
77174	0.034642
77175	0.034644
77176	0.034647
77177	0.034649
77178	0.034652
77179	0.034656
77180	0.034659
77181	0.034664
77182	0.034669
77183	0.034675
77184	0.03468
77185	0.034686
77186	0.034692
77187	0.034698
77188	0.034704
77189	0.03471
77190	0.034717
77191	0.034725
77192	0.034733
77193	0.034741
77194	0.03475
77195	0.034758
77196	0.034767
77197	0.034775
77198	0.034784
77199	0.034793
77200	0.034802
77201	0.034813
77202	0.034823
77203	0.034834
77204	0.034844
77205	0.034855
77206	0.034866
77207	0.034877
77208	0.034888
77209	0.034899
77210	0.03491
77211	0.034922
77212	0.034934
77213	0.034946
77214	0.034959
77215	0.034971
77216	0.034983
77217	0.034996
77218	0.035008
77219	0.035021
77220	0.035034
77221	0.035047
77222	0.03506
77223	0.035074
77224	0.035087
77225	0.035101
77226	0.035115
77227	0.035128
77228	0.035142
77229	0.035156
77230	0.035169
77231	0.035184
77232	0.035198
77233	0.035212
77234	0.035227
77235	0.035241
77236	0.035255
77237	0.03527
77238	0.035284
77239	0.035299
77240	0.035313
77241	0.035328
77242	0.035343
77243	0.035358
77244	0.035373
77245	0.035388
77246	0.035404
77247	0.035419
77248	0.035434
77249	0.035449
77250	0.035464
77251	0.035479
77252	0.035495
77253	0.03551
77254	0.035525
77255	0.035541
77256	0.035556
77257	0.035571
77258	0.035587
77259	0.035602
77260	0.035618
77261	0.035633
77262	0.035649
77263	0.035664
77264	0.035679
77265	0.035695
77266	0.03571
77267	0.035726
77268	0.035741
77269	0.035757
77270	0.035772
77271	0.035788
77272	0.035804
77273	0.035819
77274	0.035835
77275	0.035851
77276	0.035867
77277	0.035883
77278	0.035898
77279	0.035914
77280	0.03593
77281	0.035946
77282	0.035962
77283	0.035977
77284	0.035993
77285	0.036009
77286	0.036025
77287	0.036041
77288	0.036056
77289	0.036072
77290	0.036088
77291	0.036104
77292	0.036119
77293	0.036135
77294	0.036151
77295	0.036167
77296	0.036182
77297	0.036198
77298	0.036214
77299	0.03623
77300	0.036245
77301	0.036261
77302	0.036277
77303	0.036293
77304	0.036308
77305	0.036324
77306	0.03634
77307	0.036355
77308	0.036371
77309	0.036387
77310	0.036403
77311	0.036418
77312	0.036434
77313	0.03645
77314	0.036465
77315	0.036481
77316	0.036497
77317	0.036512
77318	0.036528
77319	0.036544
77320	0.03656
77321	0.036575
77322	0.036591
77323	0.036607
77324	0.036622
77325	0.036638
77326	0.036654
77327	0.036669
77328	0.036685
77329	0.036701
77330	0.036716
77331	0.036732
77332	0.036748
77333	0.036763
77334	0.036779
77335	0.036795
77336	0.03681
77337	0.036826
77338	0.036842
77339	0.036857
77340	0.036873
77341	0.036889
77342	0.036904
77343	0.03692
77344	0.036936
77345	0.036951
77346	0.036967
77347	0.036983
77348	0.036998
77349	0.037014
77350	0.037029
77351	0.037045
77352	0.037061
77353	0.037076
77354	0.037092
77355	0.037108
77356	0.037123
77357	0.037139
77358	0.037155
77359	0.03717
77360	0.037186
77361	0.037202
77362	0.037217
77363	0.037233
77364	0.037249
77365	0.037264
77366	0.03728
77367	0.037295
77368	0.037311
77369	0.037327
77370	0.037342
77371	0.037358
77372	0.037374
77373	0.037389
77374	0.037405
77375	0.035789
77376	0.035859
77377	0.03593
77378	0.036001
77379	0.036072
77380	0.036142
77381	0.036213
77382	0.036284
77383	0.036355
77384	0.036426
