;OV Innertank Plenum: Mass(lbm),Temperature(R),Pressure(psia)
#I=76956,77384,1; C:\0_afc_work\OV_Intertank_Reentry_Thermal_Analysis_using_VISSIM\VISSIM\OV_Intertank_Reentry_Thermal_Analysis_using_VISSIM_c1cb_oin.vsm C:\0_afc_work\OV_Intertank_Reentry_Thermal_Analysis_using_VISSIM\VISSIM\OV_Intertank_Reentry_Thermal_Analysis_using_VISSIM_c1cb_oin.vsm @ Mon Oct 29 14:44:45 2018
76956	0.0024899	515	0.001
76957	0.25996	1481	0.29881
76958	0.26612	1486.3	0.30699
76959	0.27228	1491.4	0.31517
76960	0.27843	1496.3	0.32334
76961	0.28457	1501	0.33152
76962	0.29071	1505.6	0.3397
76963	0.29683	1510	0.34788
76964	0.30295	1514.3	0.35605
76965	0.30906	1518.5	0.36423
76966	0.31516	1522.5	0.37241
76967	0.32217	1527	0.38182
76968	0.32918	1531.3	0.39123
76969	0.33617	1535.6	0.40065
76970	0.34316	1539.6	0.41006
76971	0.35014	1543.6	0.41947
76972	0.3571	1547.5	0.42888
76973	0.36406	1551.2	0.4383
76974	0.38034	1559.6	0.46037
76975	0.39665	1567.4	0.48252
76976	0.41293	1574.6	0.50466
76977	0.45112	1589.9	0.55665
76978	0.48948	1603	0.60896
76979	0.52777	1614.4	0.66127
76980	0.56601	1624.4	0.71357
76981	0.60417	1633.3	0.76587
76982	0.64225	1641.4	0.81817
76983	0.68026	1648.7	0.87047
76984	0.71818	1655.5	0.92276
76985	0.75603	1661.7	0.97505
76986	0.79381	1667.5	1.0273
76987	0.8315	1672.9	1.0796
76988	0.86912	1678	1.1319
76989	0.90667	1682.9	1.1842
76990	0.94414	1687.4	1.2365
76991	0.98154	1691.8	1.2888
76992	1.0189	1695.9	1.3411
76993	1.0562	1699.8	1.3934
76994	1.0934	1703.5	1.4456
76995	1.1306	1707.1	1.4979
76996	1.1677	1710.6	1.5502
76997	1.2047	1713.9	1.6025
76998	1.2417	1717.1	1.6548
76999	1.2787	1720.1	1.7071
77000	1.3155	1723.1	1.7594
77001	1.3524	1726	1.8116
77002	1.3891	1728.8	1.8639
77003	1.4258	1731.6	1.9162
77004	1.4625	1734.2	1.9685
77005	1.4991	1736.8	2.0208
77006	1.5356	1739.4	2.0731
77007	1.5721	1741.9	2.1253
77008	1.6085	1744.3	2.1776
77009	1.6449	1746.7	2.2299
77010	1.6812	1749	2.2822
77011	1.7175	1751.4	2.3345
77012	1.7536	1753.6	2.3868
77013	1.7898	1755.9	2.439
77014	1.8258	1758.1	2.4913
77015	1.8618	1760.3	2.5436
77016	1.8977	1762.4	2.5959
77017	1.9336	1764.6	2.6482
77018	1.9694	1766.7	2.7005
77019	2.0052	1768.8	2.7527
77020	2.0408	1770.9	2.805
77021	2.0765	1773	2.8573
77022	2.112	1775	2.9096
77023	2.1475	1777	2.9619
77024	2.1829	1779.1	3.0141
77025	2.2183	1781.1	3.0664
77026	2.2536	1783	3.1187
77027	2.2889	1785	3.171
77028	2.324	1787	3.2233
77029	2.3592	1788.9	3.2756
77030	2.3942	1790.9	3.3278
77031	2.4292	1792.8	3.3801
77032	2.4641	1794.8	3.4324
77033	2.4988	1796.8	3.4847
77034	2.5334	1798.8	3.537
77035	2.568	1800.9	3.5892
77036	2.6024	1802.9	3.6415
77037	2.6367	1805	3.6938
77038	2.6709	1807.1	3.7461
77039	2.705	1809.3	3.7984
77040	2.739	1811.4	3.8507
77041	2.7728	1813.6	3.9029
77042	2.8064	1815.9	3.9552
77043	2.8399	1818.2	4.0075
77044	2.8732	1820.6	4.0598
77045	2.9063	1823	4.1121
77046	2.9392	1825.5	4.1643
77047	2.9719	1828.1	4.2166
77048	3.0045	1830.7	4.2689
77049	3.0369	1833.4	4.3212
77050	3.0691	1836.1	4.3735
77051	3.1011	1838.8	4.4258
77052	3.133	1841.6	4.478
77053	3.1647	1844.5	4.5303
77054	3.1962	1847.4	4.5826
77055	3.2275	1850.3	4.6349
77056	3.2587	1853.3	4.6872
77057	3.2897	1856.3	4.7394
77058	3.3206	1859.3	4.7917
77059	3.3513	1862.4	4.844
77060	3.3818	1865.5	4.8963
77061	3.4121	1868.6	4.9486
77062	3.4424	1871.8	5.0008
77063	3.4724	1875	5.0531
77064	3.5023	1878.2	5.1054
77065	3.5321	1881.4	5.1577
77066	3.5617	1884.7	5.21
77067	3.6042	1889.5	5.2854
77068	3.6465	1894.2	5.3608
77069	3.6886	1898.9	5.4362
77070	3.7305	1903.7	5.5117
77071	3.7722	1908.4	5.5871
77072	3.8138	1913	5.6626
77073	3.8553	1917.7	5.738
77074	3.8967	1922.2	5.8134
77075	3.9379	1926.8	5.8889
77076	3.979	1931.3	5.9643
77077	4.0201	1935.8	6.0397
77078	4.061	1940.2	6.1152
77079	4.1017	1944.6	6.1906
77080	4.1424	1949	6.266
77081	4.183	1953.3	6.3415
77082	4.2236	1957.6	6.4169
77083	4.2641	1961.7	6.4923
77084	4.3047	1965.8	6.5678
77085	4.3452	1969.9	6.6432
77086	4.3857	1973.9	6.7187
77087	4.4261	1977.8	6.7941
77088	4.4665	1981.6	6.8695
77089	4.5069	1985.4	6.945
77090	4.5473	1989.2	7.0204
77091	4.5878	1992.8	7.0958
77092	4.6283	1996.4	7.1713
77093	4.669	1999.8	7.2467
77094	4.7098	2003.1	7.3221
77095	4.7508	2006.3	7.3976
77096	4.7918	2009.4	7.473
77097	4.8331	2012.4	7.5484
77098	4.8744	2015.2	7.6239
77099	4.9159	2018	7.6993
77100	4.9575	2020.7	7.7747
77101	4.9992	2023.2	7.8502
77102	5.0413	2025.6	7.9256
77103	5.0835	2027.9	8.001
77104	5.126	2030.1	8.0765
77105	5.1687	2032.1	8.1519
77106	5.2116	2034	8.2274
77107	5.2548	2035.8	8.3028
77108	5.2983	2037.4	8.3782
77109	5.342	2039	8.4537
77110	5.3859	2040.4	8.5291
77111	5.4301	2041.7	8.6045
77112	5.4747	2042.8	8.68
77113	5.5019	2043.4	8.7258
77114	5.5294	2043.9	8.7716
77115	5.557	2044.4	8.8174
77116	5.5849	2044.8	8.8631
77117	5.6129	2045	8.9089
77118	5.6412	2045.3	8.9547
77119	5.6697	2045.4	9.0005
77120	5.6984	2045.4	9.0463
77121	5.7274	2045.4	9.0921
77122	5.7565	2045.3	9.1379
77123	5.7859	2045.1	9.1837
77124	5.8155	2044.8	9.2295
77125	5.8453	2044.5	9.2752
77126	5.8753	2044.1	9.321
77127	5.9056	2043.6	9.3668
77128	5.9361	2043	9.4126
77129	5.9669	2042.4	9.4584
77130	5.9978	2041.7	9.5042
77131	6.029	2040.9	9.55
77132	6.0605	2040.1	9.5958
77133	6.0921	2039.2	9.6416
77134	6.124	2038.2	9.6874
77135	6.156	2037.1	9.7331
77136	6.1883	2036	9.7789
77137	6.2209	2034.9	9.8247
77138	6.2536	2033.7	9.8705
77139	6.2866	2032.4	9.9163
77140	6.3199	2031	9.9621
77141	6.3533	2029.6	10.008
77142	6.387	2028.1	10.054
77143	6.4209	2026.6	10.099
77144	6.455	2025.1	10.145
77145	6.4893	2023.4	10.191
77146	6.5239	2021.8	10.237
77147	6.5586	2020	10.283
77148	6.5937	2018.3	10.328
77149	6.6289	2016.4	10.374
77150	6.6644	2014.5	10.42
77151	6.6697	2013.8	10.425
77152	6.675	2013.1	10.429
77153	6.6804	2012.4	10.434
77154	6.6859	2011.6	10.439
77155	6.6914	2010.9	10.443
77156	6.697	2010.1	10.448
77157	6.7027	2009.3	10.452
77158	6.7085	2008.4	10.457
77159	6.7143	2007.6	10.462
77160	6.7202	2006.7	10.466
77161	6.7262	2005.8	10.471
77162	6.7322	2004.9	10.476
77163	6.7383	2004	10.48
77164	6.7444	2003	10.485
77165	6.7507	2002.1	10.49
77166	6.7569	2001.1	10.494
77167	6.7633	2000.1	10.499
77168	6.7697	1999.1	10.504
77169	6.7762	1998.1	10.508
77170	6.7827	1997	10.513
77171	6.7893	1996	10.517
77172	6.796	1994.9	10.522
77173	6.8027	1993.8	10.527
77174	6.8095	1992.7	10.531
77175	6.8163	1991.6	10.536
77176	6.8232	1990.4	10.541
77177	6.8302	1989.3	10.545
77178	6.8372	1988.1	10.55
77179	6.8443	1986.9	10.555
77180	6.8515	1985.7	10.559
77181	6.8587	1984.5	10.564
77182	6.8659	1983.3	10.569
77183	6.8732	1982.1	10.573
77184	6.8806	1980.8	10.578
77185	6.888	1979.5	10.582
77186	6.8955	1978.3	10.587
77187	6.903	1977	10.592
77188	6.9106	1975.7	10.596
77189	6.9182	1974.3	10.601
77190	6.9259	1973	10.606
77191	6.9337	1971.7	10.61
77192	6.9414	1970.3	10.615
77193	6.9493	1969	10.62
77194	6.9572	1967.6	10.624
77195	6.9651	1966.2	10.629
77196	6.9731	1964.8	10.634
77197	6.9811	1963.4	10.638
77198	6.9892	1962	10.643
77199	6.9973	1960.6	10.647
77200	7.0055	1959.1	10.652
77201	7.0138	1957.7	10.657
77202	7.022	1956.2	10.661
77203	7.0303	1954.8	10.666
77204	7.0387	1953.3	10.671
77205	7.0471	1951.8	10.675
77206	7.0555	1950.3	10.68
77207	7.064	1948.8	10.685
77208	7.0725	1947.3	10.689
77209	7.0811	1945.8	10.694
77210	7.0897	1944.3	10.699
77211	7.0984	1942.8	10.703
77212	7.1071	1941.2	10.708
77213	7.1158	1939.7	10.712
77214	7.1246	1938.2	10.717
77215	7.1334	1936.6	10.722
77216	7.1422	1935.1	10.726
77217	7.1511	1933.5	10.731
77218	7.16	1931.9	10.736
77219	7.1689	1930.3	10.74
77220	7.1779	1928.8	10.745
77221	7.1869	1927.2	10.75
77222	7.196	1925.6	10.754
77223	7.205	1924	10.759
77224	7.2142	1922.4	10.764
77225	7.2233	1920.8	10.768
77226	7.2325	1919.2	10.773
77227	7.2417	1917.6	10.777
77228	7.2509	1915.9	10.782
77229	7.2602	1914.3	10.787
77230	7.2695	1912.7	10.791
77231	7.2788	1911.1	10.796
77232	7.2882	1909.4	10.801
77233	7.2975	1907.8	10.805
77234	7.307	1906.2	10.81
77235	7.3164	1904.5	10.815
77236	7.3258	1902.9	10.819
77237	7.3353	1901.2	10.824
77238	7.3448	1899.6	10.829
77239	7.3544	1897.9	10.833
77240	7.3639	1896.3	10.838
77241	7.3735	1894.6	10.842
77242	7.3831	1893	10.847
77243	7.3927	1891.3	10.852
77244	7.4024	1889.7	10.856
77245	7.412	1888	10.861
77246	7.4217	1886.4	10.866
77247	7.4314	1884.7	10.87
77248	7.4411	1883.1	10.875
77249	7.4508	1881.4	10.88
77250	7.4605	1879.7	10.884
77251	7.4703	1878.1	10.889
77252	7.48	1876.4	10.894
77253	7.4898	1874.8	10.898
77254	7.4996	1873.1	10.903
77255	7.5094	1871.5	10.907
77256	7.5192	1869.8	10.912
77257	7.529	1868.2	10.917
77258	7.5389	1866.6	10.921
77259	7.5487	1864.9	10.926
77260	7.5586	1863.3	10.931
77261	7.5684	1861.6	10.935
77262	7.5783	1860	10.94
77263	7.5882	1858.4	10.945
77264	7.5981	1856.7	10.949
77265	7.608	1855.1	10.954
77266	7.6179	1853.5	10.959
77267	7.6278	1851.8	10.963
77268	7.6378	1850.2	10.968
77269	7.6477	1848.6	10.972
77270	7.6577	1847	10.977
77271	7.6677	1845.4	10.982
77272	7.6776	1843.7	10.986
77273	7.6876	1842.1	10.991
77274	7.6975	1840.5	10.996
77275	7.7075	1838.9	11
77276	7.7174	1837.3	11.005
77277	7.7274	1835.7	11.01
77278	7.7373	1834.1	11.014
77279	7.7473	1832.6	11.019
77280	7.7572	1831	11.024
77281	7.7672	1829.4	11.028
77282	7.7771	1827.8	11.033
77283	7.7871	1826.3	11.037
77284	7.797	1824.7	11.042
77285	7.8069	1823.2	11.047
77286	7.8169	1821.6	11.051
77287	7.8268	1820.1	11.056
77288	7.8367	1818.5	11.061
77289	7.8466	1817	11.065
77290	7.8566	1815.4	11.07
77291	7.8665	1813.9	11.075
77292	7.8764	1812.4	11.079
77293	7.8864	1810.9	11.084
77294	7.8963	1809.3	11.089
77295	7.9062	1807.8	11.093
77296	7.9161	1806.3	11.098
77297	7.9261	1804.8	11.102
77298	7.936	1803.3	11.107
77299	7.9459	1801.8	11.112
77300	7.9558	1800.3	11.116
77301	7.9657	1798.8	11.121
77302	7.9757	1797.3	11.126
77303	7.9856	1795.9	11.13
77304	7.9955	1794.4	11.135
77305	8.0054	1792.9	11.14
77306	8.0154	1791.4	11.144
77307	8.0253	1789.9	11.149
77308	8.0352	1788.5	11.154
77309	8.0452	1787	11.158
77310	8.0551	1785.6	11.163
77311	8.065	1784.1	11.167
77312	8.0749	1782.6	11.172
77313	8.0849	1781.2	11.177
77314	8.0948	1779.8	11.181
77315	8.1047	1778.3	11.186
77316	8.1147	1776.9	11.191
77317	8.1246	1775.4	11.195
77318	8.1345	1774	11.2
77319	8.1445	1772.6	11.205
77320	8.1544	1771.1	11.209
77321	8.1644	1769.7	11.214
77322	8.1743	1768.3	11.219
77323	8.1842	1766.9	11.223
77324	8.1942	1765.5	11.228
77325	8.2041	1764.1	11.232
77326	8.2141	1762.6	11.237
77327	8.224	1761.2	11.242
77328	8.234	1759.8	11.246
77329	8.2439	1758.4	11.251
77330	8.2539	1757	11.256
77331	8.2638	1755.7	11.26
77332	8.2738	1754.3	11.265
77333	8.2837	1752.9	11.27
77334	8.2937	1751.5	11.274
77335	8.3037	1750.1	11.279
77336	8.3136	1748.7	11.284
77337	8.3236	1747.4	11.288
77338	8.3336	1746	11.293
77339	8.3435	1744.6	11.297
77340	8.3535	1743.3	11.302
77341	8.3635	1741.9	11.307
77342	8.3734	1740.5	11.311
77343	8.3834	1739.2	11.316
77344	8.3934	1737.8	11.321
77345	8.4034	1736.5	11.325
77346	8.4133	1735.1	11.33
77347	8.4233	1733.8	11.335
77348	8.4333	1732.4	11.339
77349	8.4433	1731.1	11.344
77350	8.4533	1729.8	11.349
77351	8.4633	1728.4	11.353
77352	8.4733	1727.1	11.358
77353	8.4833	1725.8	11.362
77354	8.4932	1724.4	11.367
77355	8.5032	1723.1	11.372
77356	8.5132	1721.8	11.376
77357	8.5232	1720.5	11.381
77358	8.5332	1719.2	11.386
77359	8.5432	1717.8	11.39
77360	8.5533	1716.5	11.395
77361	8.5633	1715.2	11.4
77362	8.5733	1713.9	11.404
77363	8.5833	1712.6	11.409
77364	8.5933	1711.3	11.414
77365	8.6033	1710	11.418
77366	8.6133	1708.7	11.423
77367	8.6233	1707.4	11.427
77368	8.6334	1706.1	11.432
77369	8.6434	1704.9	11.437
77370	8.6534	1703.6	11.441
77371	8.6634	1702.3	11.446
77372	8.6735	1701	11.451
77373	8.6835	1699.7	11.455
77374	8.6935	1698.5	11.46
77375	8.7136	1696.9	11.476
77376	8.7336	1695.4	11.492
77377	8.7537	1693.9	11.508
77378	8.7738	1692.3	11.524
77379	8.7939	1690.8	11.54
77380	8.814	1689.3	11.556
77381	8.8341	1687.8	11.572
77382	8.8542	1686.3	11.588
77383	8.8744	1684.8	11.604
77384	8.8945	1683.3	11.62
